<?xml version="1.0" encoding="UTF-8"?>
<testsuite xmlns:xsi="http://www.w3.org/2001/XMLSchema-instance" xsi:noNamespaceSchemaLocation="https://maven.apache.org/surefire/maven-surefire-plugin/xsd/surefire-test-report.xsd" name="testRunner.TestRunner" time="5.801" tests="10" errors="0" skipped="0" failures="2">
  <properties>
[...]
</properties>
  <testcase name="Register a new user" classname="API Testing for User, Product, and Order Management" time="4.025"/>
  <testcase name="Login a user" classname="API Testing for User, Product, and Order Management" time="0.063"/>
  <testcase name="Add a new product" classname="API Testing for User, Product, and Order Management" time="0.169">
    <failure message="1 expectation failed.&#10;JSON path [0].name doesn&apos;t match.&#10;Expected: Product1&#10;  Actual: null&#10;" type="java.lang.AssertionError">java.lang.AssertionError: 
1 expectation failed.
JSON path [0].name doesn't match.
Expected: Product1
  Actual: null

</failure>
    <system-out><![CDATA[
Scenario: Add a new product                                                                        &amp#27;[90m# feature/apitest.feature:15&amp#27;[0m
  &amp#27;[32mGiven &amp#27;[0m&amp#27;[32mI set up the base URI&amp#27;[0m                                                                      &amp#27;[90m# stepDefinition.ApiTest_StepDefinition.i_set_up_the_base_uri()&amp#27;[0m
  &amp#27;[32mWhen &amp#27;[0m&amp#27;[32mI add a product with name &amp#27;[0m&amp#27;[32m&amp#27;[1m"Product1"&amp#27;[0m&amp#27;[32m, category &amp#27;[0m&amp#27;[32m&amp#27;[1m"Category1"&amp#27;[0m&amp#27;[32m, price &amp#27;[0m&amp#27;[32m&amp#27;[1m100&amp#27;[0m&amp#27;[32m, and stockQuantity &amp#27;[0m&amp#27;[32m&amp#27;[1m10&amp#27;[0m &amp#27;[90m# stepDefinition.ApiTest_StepDefinition.i_add_a_product(java.lang.String,java.lang.String,int,int)&amp#27;[0m
  &amp#27;[32mThen &amp#27;[0m&amp#27;[32mthe status code should be &amp#27;[0m&amp#27;[32m&amp#27;[1m201&amp#27;[0m                                                               &amp#27;[90m# stepDefinition.ApiTest_StepDefinition.the_status_code_should_be(int)&amp#27;[0m
  &amp#27;[31mAnd &amp#27;[0m&amp#27;[31mthe response should contain the product name &amp#27;[0m&amp#27;[31m&amp#27;[1m"Product1"&amp#27;[0m                                      &amp#27;[90m# stepDefinition.ApiTest_StepDefinition.the_response_should_contain_product_name(java.lang.String)&amp#27;[0m
      &amp#27;[31mjava.lang.AssertionError: 1 expectation failed.
JSON path [0].name doesn't match.
Expected: Product1
  Actual: null

	at java.base/jdk.internal.reflect.DirectConstructorHandleAccessor.newInstance(DirectConstructorHandleAccessor.java:62)
	at java.base/java.lang.reflect.Constructor.newInstanceWithCaller(Constructor.java:502)
	at java.base/java.lang.reflect.Constructor.newInstance(Constructor.java:486)
	at org.codehaus.groovy.reflection.CachedConstructor.invoke(CachedConstructor.java:73)
	at org.codehaus.groovy.runtime.callsite.ConstructorSite$ConstructorSiteNoUnwrapNoCoerce.callConstructor(ConstructorSite.java:108)
	at org.codehaus.groovy.runtime.callsite.CallSiteArray.defaultCallConstructor(CallSiteArray.java:57)
	at org.codehaus.groovy.runtime.callsite.AbstractCallSite.callConstructor(AbstractCallSite.java:263)
	at org.codehaus.groovy.runtime.callsite.AbstractCallSite.callConstructor(AbstractCallSite.java:277)
	at io.restassured.internal.ResponseSpecificationImpl$HamcrestAssertionClosure.validate(ResponseSpecificationImpl.groovy:512)
	at io.restassured.internal.ResponseSpecificationImpl$HamcrestAssertionClosure$validate$1.call(Unknown Source)
	at io.restassured.internal.ResponseSpecificationImpl.validateResponseIfRequired(ResponseSpecificationImpl.groovy:696)
	at io.restassured.internal.ResponseSpecificationImpl.this$2$validateResponseIfRequired(ResponseSpecificationImpl.groovy)
	at java.base/jdk.internal.reflect.DirectMethodHandleAccessor.invoke(DirectMethodHandleAccessor.java:103)
	at java.base/java.lang.reflect.Method.invoke(Method.java:580)
	at org.codehaus.groovy.runtime.callsite.PlainObjectMetaMethodSite.doInvoke(PlainObjectMetaMethodSite.java:43)
	at org.codehaus.groovy.runtime.callsite.PogoMetaMethodSite$PogoCachedMethodSiteNoUnwrapNoCoerce.invoke(PogoMetaMethodSite.java:198)
	at org.codehaus.groovy.runtime.callsite.PogoMetaMethodSite.callCurrent(PogoMetaMethodSite.java:62)
	at org.codehaus.groovy.runtime.callsite.AbstractCallSite.callCurrent(AbstractCallSite.java:185)
	at io.restassured.internal.ResponseSpecificationImpl.body(ResponseSpecificationImpl.groovy:270)
	at io.restassured.specification.ResponseSpecification$body$1.callCurrent(Unknown Source)
	at io.restassured.internal.ResponseSpecificationImpl.body(ResponseSpecificationImpl.groovy:117)
	at io.restassured.internal.ValidatableResponseOptionsImpl.body(ValidatableResponseOptionsImpl.java:244)
	at stepDefinition.ApiTest_StepDefinition.the_response_should_contain_product_name(ApiTest_StepDefinition.java:89)
	at ✽.the response should contain the product name "Product1"(file:///C:/Users/91780/eclipse-workspace1/CapstoneProject_API/feature/apitest.feature:19)
&amp#27;[0m
]]></system-out>
  </testcase>
  <testcase name="Search for a product by name #1" classname="API Testing for User, Product, and Order Management" time="0.11"/>
  <testcase name="Place a new order" classname="API Testing for User, Product, and Order Management" time="0.061"/>
  <testcase name="Retrieve order details" classname="API Testing for User, Product, and Order Management" time="0.061"/>
  <testcase name="Update user profile" classname="API Testing for User, Product, and Order Management" time="0.06"/>
  <testcase name="Delete a user account" classname="API Testing for User, Product, and Order Management" time="0.04">
    <failure message="1 expectation failed.&#10;Expected status code &lt;204&gt; but was &lt;404&gt;.&#10;" type="java.lang.AssertionError"><![CDATA[java.lang.AssertionError: 
1 expectation failed.
Expected status code <204> but was <404>.

]]></failure>
    <system-out><![CDATA[
Scenario: Delete a user account         &amp#27;[90m# feature/apitest.feature:45&amp#27;[0m
  &amp#27;[32mGiven &amp#27;[0m&amp#27;[32mI set up the base URI&amp#27;[0m           &amp#27;[90m# stepDefinition.ApiTest_StepDefinition.i_set_up_the_base_uri()&amp#27;[0m
  &amp#27;[32mWhen &amp#27;[0m&amp#27;[32mI delete the user with userId &amp#27;[0m&amp#27;[32m&amp#27;[1m11&amp#27;[0m &amp#27;[90m# stepDefinition.ApiTest_StepDefinition.i_delete_the_user(int)&amp#27;[0m
  &amp#27;[31mThen &amp#27;[0m&amp#27;[31mthe status code should be &amp#27;[0m&amp#27;[31m&amp#27;[1m204&amp#27;[0m    &amp#27;[90m# stepDefinition.ApiTest_StepDefinition.the_status_code_should_be(int)&amp#27;[0m
      &amp#27;[31mjava.lang.AssertionError: 1 expectation failed.
Expected status code <204> but was <404>.

	at java.base/jdk.internal.reflect.DirectConstructorHandleAccessor.newInstance(DirectConstructorHandleAccessor.java:62)
	at java.base/java.lang.reflect.Constructor.newInstanceWithCaller(Constructor.java:502)
	at java.base/java.lang.reflect.Constructor.newInstance(Constructor.java:486)
	at org.codehaus.groovy.reflection.CachedConstructor.invoke(CachedConstructor.java:73)
	at org.codehaus.groovy.runtime.callsite.ConstructorSite$ConstructorSiteNoUnwrapNoCoerce.callConstructor(ConstructorSite.java:108)
	at org.codehaus.groovy.runtime.callsite.AbstractCallSite.callConstructor(AbstractCallSite.java:277)
	at io.restassured.internal.ResponseSpecificationImpl$HamcrestAssertionClosure.validate(ResponseSpecificationImpl.groovy:512)
	at io.restassured.internal.ResponseSpecificationImpl$HamcrestAssertionClosure$validate$1.call(Unknown Source)
	at io.restassured.internal.ResponseSpecificationImpl.validateResponseIfRequired(ResponseSpecificationImpl.groovy:696)
	at io.restassured.internal.ResponseSpecificationImpl.this$2$validateResponseIfRequired(ResponseSpecificationImpl.groovy)
	at java.base/jdk.internal.reflect.DirectMethodHandleAccessor.invoke(DirectMethodHandleAccessor.java:103)
	at java.base/java.lang.reflect.Method.invoke(Method.java:580)
	at org.codehaus.groovy.runtime.callsite.PlainObjectMetaMethodSite.doInvoke(PlainObjectMetaMethodSite.java:43)
	at org.codehaus.groovy.runtime.callsite.PogoMetaMethodSite$PogoCachedMethodSiteNoUnwrapNoCoerce.invoke(PogoMetaMethodSite.java:198)
	at org.codehaus.groovy.runtime.callsite.PogoMetaMethodSite.callCurrent(PogoMetaMethodSite.java:62)
	at org.codehaus.groovy.runtime.callsite.AbstractCallSite.callCurrent(AbstractCallSite.java:185)
	at io.restassured.internal.ResponseSpecificationImpl.statusCode(ResponseSpecificationImpl.groovy:135)
	at io.restassured.specification.ResponseSpecification$statusCode$0.callCurrent(Unknown Source)
	at io.restassured.internal.ResponseSpecificationImpl.statusCode(ResponseSpecificationImpl.groovy:143)
	at io.restassured.internal.ValidatableResponseOptionsImpl.statusCode(ValidatableResponseOptionsImpl.java:89)
	at stepDefinition.ApiTest_StepDefinition.the_status_code_should_be(ApiTest_StepDefinition.java:74)
	at ✽.the status code should be 204(file:///C:/Users/91780/eclipse-workspace1/CapstoneProject_API/feature/apitest.feature:48)
&amp#27;[0m
]]></system-out>
  </testcase>
  <testcase name="Search for a product by name #2" classname="API Testing for User, Product, and Order Management" time="0.059"/>
  <testcase name="Filter products by category" classname="API Testing for User, Product, and Order Management" time="0.06"/>
</testsuite>